2020-09-05 10:04:18.307 - INFO - 30849 - azureml.train.automl._azureautomlclient.modify_run_configuration:190 - Package azureml-train-automl missing from dependencies file.
2020-09-05 10:04:18.307 - INFO - 30849 - azureml.train.automl._azureautomlclient.modify_run_configuration:196 - Using pinned version: azureml-train-automl==1.13.0.*
2020-09-05 10:04:18.308 - INFO - 30849 - azureml.train.automl._azureautomlclient.modify_run_configuration:190 - Package pandas missing from dependencies file.
2020-09-05 10:04:18.308 - INFO - 30849 - azureml.train.automl._azureautomlclient.modify_run_configuration:196 - Using pinned version: pandas==0.25.1
2020-09-05 10:04:18.308 - INFO - 30849 - azureml.train.automl._azureautomlclient.modify_run_configuration:190 - Package psutil missing from dependencies file.
2020-09-05 10:04:18.309 - INFO - 30849 - azureml.train.automl._azureautomlclient.modify_run_configuration:196 - Using pinned version: psutil>5.0.0,<6.0.0
2020-09-05 10:04:18.309 - INFO - 30849 - azureml.train.automl._azureautomlclient.modify_run_configuration:190 - Package scikit-learn missing from dependencies file.
2020-09-05 10:04:18.309 - INFO - 30849 - azureml.train.automl._azureautomlclient.modify_run_configuration:196 - Using pinned version: scikit-learn==0.22.1
2020-09-05 10:04:18.309 - INFO - 30849 - azureml.train.automl._azureautomlclient.modify_run_configuration:190 - Package numpy missing from dependencies file.
2020-09-05 10:04:18.309 - INFO - 30849 - azureml.train.automl._azureautomlclient.modify_run_configuration:196 - Using pinned version: numpy~=1.18.0
2020-09-05 10:04:18.310 - INFO - 30849 - azureml.train.automl._azureautomlclient.modify_run_configuration:190 - Package py-xgboost missing from dependencies file.
2020-09-05 10:04:18.310 - INFO - 30849 - azureml.train.automl._azureautomlclient.modify_run_configuration:196 - Using pinned version: py-xgboost<=0.90
2020-09-05 10:04:18.310 - INFO - 30849 - azureml.train.automl._azureautomlclient.modify_run_configuration:190 - Package inference-schema missing from dependencies file.
2020-09-05 10:04:18.311 - INFO - 30849 - azureml.train.automl._azureautomlclient.modify_run_configuration:190 - Package fbprophet missing from dependencies file.
2020-09-05 10:04:18.315 - INFO - 30849 - azureml.train.automl._azureautomlclient.modify_run_configuration:196 - Using pinned version: fbprophet==0.5
2020-09-05 10:04:18.323 - INFO - 30849 - azureml.train.automl._azureautomlclient.modify_run_configuration:190 - Package setuptools-git missing from dependencies file.
2020-09-05 10:04:18.324 - INFO - 30849 - azureml.train.automl._azureautomlclient.modify_run_configuration:200 - Using installed version: setuptools-git==1.2
2020-09-05 10:04:23.101 - INFO - 30849 - azureml.train.automl._azureautomlclient._validate_input:614 - Validation service found the data has no errors.
2020-09-05 10:04:23.101 - INFO - 30849 - azureml.train.automl._azureautomlclient._create_parent_run_for_remote:493 - Start creating parent run.
2020-09-05 10:04:23.955 - INFO - 30849 - azureml.train.automl._azureautomlclient._create_parent_run_for_remote:513 - [ParentRunID:AutoML_a03efb72-3a4e-47f5-8ddb-108335aa214e] Remote run using input X and y.
2020-09-05 10:04:24.287 - INFO - 30849 - azureml.train.automl._azureautomlclient._create_parent_run_for_remote:526 - Parent Run ID: AutoML_a03efb72-3a4e-47f5-8ddb-108335aa214e
2020-09-05 10:04:24.288 - INFO - 30849 - azureml.train.automl._azureautomlclient._fit_remote_core:455 - Starting a snapshot run (snapshot_id : None)
2020-09-05 10:31:13.113 - INFO - 17481 - azureml.train.automl._azureautomlclient.modify_run_configuration:190 - Package azureml-train-automl missing from dependencies file.
2020-09-05 10:31:13.113 - INFO - 17481 - azureml.train.automl._azureautomlclient.modify_run_configuration:196 - Using pinned version: azureml-train-automl==1.13.0.*
2020-09-05 10:31:13.113 - INFO - 17481 - azureml.train.automl._azureautomlclient.modify_run_configuration:190 - Package pandas missing from dependencies file.
2020-09-05 10:31:13.114 - INFO - 17481 - azureml.train.automl._azureautomlclient.modify_run_configuration:196 - Using pinned version: pandas==0.25.1
2020-09-05 10:31:13.114 - INFO - 17481 - azureml.train.automl._azureautomlclient.modify_run_configuration:190 - Package psutil missing from dependencies file.
2020-09-05 10:31:13.114 - INFO - 17481 - azureml.train.automl._azureautomlclient.modify_run_configuration:196 - Using pinned version: psutil>5.0.0,<6.0.0
2020-09-05 10:31:13.114 - INFO - 17481 - azureml.train.automl._azureautomlclient.modify_run_configuration:190 - Package scikit-learn missing from dependencies file.
2020-09-05 10:31:13.114 - INFO - 17481 - azureml.train.automl._azureautomlclient.modify_run_configuration:196 - Using pinned version: scikit-learn==0.22.1
2020-09-05 10:31:13.115 - INFO - 17481 - azureml.train.automl._azureautomlclient.modify_run_configuration:190 - Package numpy missing from dependencies file.
2020-09-05 10:31:13.115 - INFO - 17481 - azureml.train.automl._azureautomlclient.modify_run_configuration:196 - Using pinned version: numpy~=1.18.0
2020-09-05 10:31:13.115 - INFO - 17481 - azureml.train.automl._azureautomlclient.modify_run_configuration:190 - Package py-xgboost missing from dependencies file.
2020-09-05 10:31:13.115 - INFO - 17481 - azureml.train.automl._azureautomlclient.modify_run_configuration:196 - Using pinned version: py-xgboost<=0.90
2020-09-05 10:31:13.115 - INFO - 17481 - azureml.train.automl._azureautomlclient.modify_run_configuration:190 - Package inference-schema missing from dependencies file.
2020-09-05 10:31:13.115 - INFO - 17481 - azureml.train.automl._azureautomlclient.modify_run_configuration:190 - Package fbprophet missing from dependencies file.
2020-09-05 10:31:13.115 - INFO - 17481 - azureml.train.automl._azureautomlclient.modify_run_configuration:196 - Using pinned version: fbprophet==0.5
2020-09-05 10:31:13.116 - INFO - 17481 - azureml.train.automl._azureautomlclient.modify_run_configuration:190 - Package setuptools-git missing from dependencies file.
2020-09-05 10:31:13.116 - INFO - 17481 - azureml.train.automl._azureautomlclient.modify_run_configuration:200 - Using installed version: setuptools-git==1.2
2020-09-05 10:31:16.708 - INFO - 17481 - azureml.train.automl._azureautomlclient._validate_input:614 - Validation service found the data has no errors.
2020-09-05 10:31:16.709 - INFO - 17481 - azureml.train.automl._azureautomlclient._create_parent_run_for_remote:493 - Start creating parent run.
2020-09-05 10:31:17.444 - INFO - 17481 - azureml.train.automl._azureautomlclient._create_parent_run_for_remote:513 - [ParentRunID:AutoML_b8eb5eaf-a88c-403b-8223-1c0f4b59a1b4] Remote run using input X and y.
2020-09-05 10:31:17.717 - INFO - 17481 - azureml.train.automl._azureautomlclient._create_parent_run_for_remote:526 - Parent Run ID: AutoML_b8eb5eaf-a88c-403b-8223-1c0f4b59a1b4
2020-09-05 10:31:17.718 - INFO - 17481 - azureml.train.automl._azureautomlclient._fit_remote_core:455 - Starting a snapshot run (snapshot_id : None)
